<?xml version="1.0" encoding="UTF-8"?>
<testng-results ignored="0" total="1" passed="1" failed="0" skipped="0">
  <reporter-output>
  </reporter-output>
  <suite started-at="2024-11-29T16:07:00 IST" name="TVS MOTOR Test Automation" finished-at="2024-11-29T16:07:12 IST" duration-ms="11862">
    <groups>
    </groups>
    <test started-at="2024-11-29T16:07:00 IST" name="TVS MOTOR AUTOMATION SUITE" finished-at="2024-11-29T16:07:12 IST" duration-ms="11862">
      <class name="pomTestApps.STAcore.POMSuiteRunner">
        <test-method signature="Run(java.lang.String,java.lang.String,java.lang.String,java.lang.String,java.lang.String,java.lang.String)[pri:0, instance:pomTestApps.STAcore.POMSuiteRunner@536dbea0]" started-at="2024-11-29T16:07:00 IST" name="Run" finished-at="2024-11-29T16:07:12 IST" duration-ms="11824" status="PASS">
          <params>
            <param index="0">
              <value>
                <![CDATA[pomTestApps.Test.com.automation.tvsmotor.dai]]>
              </value>
            </param>
            <param index="1">
              <value>
                <![CDATA[TVS MOTOR Test Automation]]>
              </value>
            </param>
            <param index="2">
              <value>
                <![CDATA[AUTOMATION_Config.xls]]>
              </value>
            </param>
            <param index="3">
              <value>
                <![CDATA[AUTOMATION]]>
              </value>
            </param>
            <param index="4">
              <value>
                <![CDATA[CS_Files]]>
              </value>
            </param>
            <param index="5">
              <value>
                <![CDATA[viru]]>
              </value>
            </param>
          </params>
          <reporter-output>
          </reporter-output>
        </test-method> <!-- Run -->
      </class> <!-- pomTestApps.STAcore.POMSuiteRunner -->
    </test> <!-- TVS MOTOR AUTOMATION SUITE -->
  </suite> <!-- TVS MOTOR Test Automation -->
</testng-results>
